android/app/build/intermediates/manifest_merge_blame_file/debug/manifest-merger-blame-debug-report.txt
1<?xml version="1.0" encoding="utf-8"?>
2<manifest xmlns:android="http://schemas.android.com/apk/res/android"
3    package="com.agro_vidula"
4    android:versionCode="1"
5    android:versionName="1.0" >
6
7    <uses-sdk
8        android:minSdkVersion="21"
9        android:targetSdkVersion="29" />
10
11    <uses-permission android:name="android.permission.SYSTEM_ALERT_WINDOW" />
11-->src\debug\AndroidManifest.xml:5:5-77
11-->src\debug\AndroidManifest.xml:5:22-75
12    <uses-permission android:name="android.permission.INTERNET" />
12-->src\main\AndroidManifest.xml:4:5-67
12-->src\main\AndroidManifest.xml:4:22-64
13    <uses-permission android:name="android.permission.CAMERA" />
13-->src\main\AndroidManifest.xml:5:5-64
13-->src\main\AndroidManifest.xml:5:22-62
14    <uses-permission android:name="android.permission.WRITE_EXTERNAL_STORAGE" />
14-->src\main\AndroidManifest.xml:6:5-80
14-->src\main\AndroidManifest.xml:6:22-78
15
16    <uses-feature
16-->src\main\AndroidManifest.xml:7:5-85
17        android:name="android.hardware.camera"
17-->src\main\AndroidManifest.xml:7:19-57
18        android:required="false" />
18-->src\main\AndroidManifest.xml:7:58-82
19    <uses-feature
19-->src\main\AndroidManifest.xml:8:5-91
20        android:name="android.hardware.camera.front"
20-->src\main\AndroidManifest.xml:8:19-63
21        android:required="false" />
21-->src\main\AndroidManifest.xml:8:64-88
22
23    <uses-permission android:name="android.permission.ACCESS_WIFI_STATE" />
23-->[com.facebook.flipper:flipper:0.75.1] AndroidManifest.xml:16:5-76
23-->[com.facebook.flipper:flipper:0.75.1] AndroidManifest.xml:16:22-73
24
25    <queries>
25-->[:react-native-image-crop-picker] AndroidManifest.xml:10:5-14:15
26        <intent>
26-->[:react-native-image-crop-picker] AndroidManifest.xml:11:9-13:18
27            <action android:name="android.media.action.IMAGE_CAPTURE" />
27-->[:react-native-image-crop-picker] AndroidManifest.xml:12:13-73
27-->[:react-native-image-crop-picker] AndroidManifest.xml:12:21-70
28        </intent>
29    </queries>
30
31    <application
31-->src\main\AndroidManifest.xml:10:5-28:19
32        android:name="com.agro_vidula.MainApplication"
32-->src\main\AndroidManifest.xml:11:7-38
33        android:allowBackup="false"
33-->src\main\AndroidManifest.xml:15:7-34
34        android:appComponentFactory="androidx.core.app.CoreComponentFactory"
34-->[androidx.core:core:1.6.0] AndroidManifest.xml:24:18-86
35        android:debuggable="true"
36        android:icon="@mipmap/ic_launcher"
36-->src\main\AndroidManifest.xml:13:7-41
37        android:label="@string/app_name"
37-->src\main\AndroidManifest.xml:12:7-39
38        android:roundIcon="@mipmap/ic_launcher_round"
38-->src\main\AndroidManifest.xml:14:7-52
39        android:theme="@style/AppTheme"
39-->src\main\AndroidManifest.xml:16:7-38
40        android:usesCleartextTraffic="true" >
40-->src\debug\AndroidManifest.xml:8:9-44
41        <activity android:name="com.facebook.react.devsupport.DevSettingsActivity" />
41-->src\debug\AndroidManifest.xml:11:9-86
41-->src\debug\AndroidManifest.xml:11:19-83
42        <activity
42-->src\main\AndroidManifest.xml:17:7-27:18
43            android:name="com.agro_vidula.MainActivity"
43-->src\main\AndroidManifest.xml:18:9-37
44            android:configChanges="keyboard|keyboardHidden|orientation|screenSize|uiMode"
44-->src\main\AndroidManifest.xml:20:9-86
45            android:label="@string/app_name"
45-->src\main\AndroidManifest.xml:19:9-41
46            android:launchMode="singleTask"
46-->src\main\AndroidManifest.xml:21:9-40
47            android:windowSoftInputMode="adjustResize" >
47-->src\main\AndroidManifest.xml:22:9-51
48            <intent-filter>
48-->src\main\AndroidManifest.xml:23:9-26:25
49                <action android:name="android.intent.action.MAIN" />
49-->src\main\AndroidManifest.xml:24:13-65
49-->src\main\AndroidManifest.xml:24:21-62
50
51                <category android:name="android.intent.category.LAUNCHER" />
51-->src\main\AndroidManifest.xml:25:13-73
51-->src\main\AndroidManifest.xml:25:23-70
52            </intent-filter>
53        </activity>
54
55        <provider
55-->[:react-native-image-crop-picker] AndroidManifest.xml:19:9-27:20
56            android:name="androidx.core.content.FileProvider"
56-->[:react-native-image-crop-picker] AndroidManifest.xml:20:13-62
57            android:authorities="com.agro_vidula.provider"
57-->[:react-native-image-crop-picker] AndroidManifest.xml:21:13-60
58            android:exported="false"
58-->[:react-native-image-crop-picker] AndroidManifest.xml:22:13-37
59            android:grantUriPermissions="true" >
59-->[:react-native-image-crop-picker] AndroidManifest.xml:23:13-47
60            <meta-data
60-->[:react-native-image-crop-picker] AndroidManifest.xml:24:13-26:58
61                android:name="android.support.FILE_PROVIDER_PATHS"
61-->[:react-native-image-crop-picker] AndroidManifest.xml:25:17-67
62                android:resource="@xml/provider_paths" />
62-->[:react-native-image-crop-picker] AndroidManifest.xml:26:17-55
63        </provider>
64
65        <activity
65-->[:react-native-image-crop-picker] AndroidManifest.xml:29:9-31:72
66            android:name="com.yalantis.ucrop.UCropActivity"
66-->[:react-native-image-crop-picker] AndroidManifest.xml:30:13-60
67            android:theme="@style/Theme.AppCompat.Light.NoActionBar" />
67-->[:react-native-image-crop-picker] AndroidManifest.xml:31:13-69
68
69        <provider
69-->[:react-native-image-picker] AndroidManifest.xml:12:9-20:20
70            android:name="com.imagepicker.ImagePickerProvider"
70-->[:react-native-image-picker] AndroidManifest.xml:13:13-63
71            android:authorities="com.agro_vidula.imagepickerprovider"
71-->[:react-native-image-picker] AndroidManifest.xml:14:13-71
72            android:exported="false"
72-->[:react-native-image-picker] AndroidManifest.xml:15:13-37
73            android:grantUriPermissions="true" >
73-->[:react-native-image-picker] AndroidManifest.xml:16:13-47
74            <meta-data
74-->[:react-native-image-crop-picker] AndroidManifest.xml:24:13-26:58
75                android:name="android.support.FILE_PROVIDER_PATHS"
75-->[:react-native-image-crop-picker] AndroidManifest.xml:25:17-67
76                android:resource="@xml/imagepicker_provider_paths" />
76-->[:react-native-image-crop-picker] AndroidManifest.xml:26:17-55
77        </provider>
78    </application>
79
80</manifest>